<?xml version="1.0" encoding="UTF-8" ?>
<testsuite tests="1" failures="0" name="com.danny.AppTest" time="6.545" errors="1" skipped="0">
    <properties>
[...]
</properties>
    <testcase classname="com.danny.AppTest" name="calculateSumShouldReturnAValidResult" time="6.545">
        <error message="Security processing failed." type="javax.xml.ws.soap.SOAPFaultException">
            javax.xml.ws.soap.SOAPFaultException: Security processing failed.
            at org.apache.cxf.jaxws.JaxWsClientProxy.mapException(JaxWsClientProxy.java:195)
            at org.apache.cxf.jaxws.JaxWsClientProxy.invoke(JaxWsClientProxy.java:145)
            at com.sun.proxy.$Proxy35.calculateSum(Unknown Source)
            at com.danny.AppTest.calculateSumShouldReturnAValidResult(AppTest.java:61)
            at sun.reflect.NativeMethodAccessorImpl.invoke0(Native Method)
            at sun.reflect.NativeMethodAccessorImpl.invoke(NativeMethodAccessorImpl.java:62)
            at sun.reflect.DelegatingMethodAccessorImpl.invoke(DelegatingMethodAccessorImpl.java:43)
            at java.lang.reflect.Method.invoke(Method.java:498)
            at org.junit.runners.model.FrameworkMethod$1.runReflectiveCall(FrameworkMethod.java:50)
            at org.junit.internal.runners.model.ReflectiveCallable.run(ReflectiveCallable.java:12)
            at org.junit.runners.model.FrameworkMethod.invokeExplosively(FrameworkMethod.java:47)
            at org.junit.internal.runners.statements.InvokeMethod.evaluate(InvokeMethod.java:17)
            at org.junit.runners.ParentRunner.runLeaf(ParentRunner.java:325)
            at org.junit.runners.BlockJUnit4ClassRunner.runChild(BlockJUnit4ClassRunner.java:78)
            at org.junit.runners.BlockJUnit4ClassRunner.runChild(BlockJUnit4ClassRunner.java:57)
            at org.junit.runners.ParentRunner$3.run(ParentRunner.java:290)
            at org.junit.runners.ParentRunner$1.schedule(ParentRunner.java:71)
            at org.junit.runners.ParentRunner.runChildren(ParentRunner.java:288)
            at org.junit.runners.ParentRunner.access$000(ParentRunner.java:58)
            at org.junit.runners.ParentRunner$2.evaluate(ParentRunner.java:268)
            at org.junit.runners.ParentRunner.run(ParentRunner.java:363)
            at org.apache.maven.surefire.junit4.JUnit4Provider.execute(JUnit4Provider.java:252)
            at org.apache.maven.surefire.junit4.JUnit4Provider.executeTestSet(JUnit4Provider.java:141)
            at org.apache.maven.surefire.junit4.JUnit4Provider.invoke(JUnit4Provider.java:112)
            at sun.reflect.NativeMethodAccessorImpl.invoke0(Native Method)
            at sun.reflect.NativeMethodAccessorImpl.invoke(NativeMethodAccessorImpl.java:62)
            at sun.reflect.DelegatingMethodAccessorImpl.invoke(DelegatingMethodAccessorImpl.java:43)
            at java.lang.reflect.Method.invoke(Method.java:498)
            at org.apache.maven.surefire.util.ReflectionUtils.invokeMethodWithArray(ReflectionUtils.java:189)
            at org.apache.maven.surefire.booter.ProviderFactory$ProviderProxy.invoke(ProviderFactory.java:165)
            at org.apache.maven.surefire.booter.ProviderFactory.invokeProvider(ProviderFactory.java:85)
            at org.apache.maven.surefire.booter.ForkedBooter.runSuitesInProcess(ForkedBooter.java:115)
            at org.apache.maven.surefire.booter.ForkedBooter.main(ForkedBooter.java:75)
            Caused by: org.apache.cxf.binding.soap.SoapFault: Security processing failed.
            at
            org.apache.cxf.binding.soap.interceptor.Soap11FaultInInterceptor.unmarshalFault(Soap11FaultInInterceptor.java:87)
            at
            org.apache.cxf.binding.soap.interceptor.Soap11FaultInInterceptor.handleMessage(Soap11FaultInInterceptor.java:53)
            at
            org.apache.cxf.binding.soap.interceptor.Soap11FaultInInterceptor.handleMessage(Soap11FaultInInterceptor.java:42)
            at org.apache.cxf.phase.PhaseInterceptorChain.doIntercept(PhaseInterceptorChain.java:308)
            at
            org.apache.cxf.interceptor.AbstractFaultChainInitiatorObserver.onMessage(AbstractFaultChainInitiatorObserver.java:112)
            at
            org.apache.cxf.binding.soap.interceptor.CheckFaultInterceptor.handleMessage(CheckFaultInterceptor.java:70)
            at
            org.apache.cxf.binding.soap.interceptor.CheckFaultInterceptor.handleMessage(CheckFaultInterceptor.java:35)
            at org.apache.cxf.phase.PhaseInterceptorChain.doIntercept(PhaseInterceptorChain.java:308)
            at org.apache.cxf.endpoint.ClientImpl.onMessage(ClientImpl.java:826)
            at
            org.apache.cxf.transport.http.HTTPConduit$WrappedOutputStream.handleResponseInternal(HTTPConduit.java:1693)
            at org.apache.cxf.transport.http.HTTPConduit$WrappedOutputStream.handleResponse(HTTPConduit.java:1570)
            at org.apache.cxf.transport.http.HTTPConduit$WrappedOutputStream.close(HTTPConduit.java:1371)
            at org.apache.cxf.transport.AbstractConduit.close(AbstractConduit.java:56)
            at org.apache.cxf.transport.http.HTTPConduit.close(HTTPConduit.java:671)
            at
            org.apache.cxf.interceptor.MessageSenderInterceptor$MessageSenderEndingInterceptor.handleMessage(MessageSenderInterceptor.java:63)
            at org.apache.cxf.phase.PhaseInterceptorChain.doIntercept(PhaseInterceptorChain.java:308)
            at org.apache.cxf.endpoint.ClientImpl.doInvoke(ClientImpl.java:531)
            at org.apache.cxf.endpoint.ClientImpl.invoke(ClientImpl.java:440)
            at org.apache.cxf.endpoint.ClientImpl.invoke(ClientImpl.java:355)
            at org.apache.cxf.endpoint.ClientImpl.invoke(ClientImpl.java:313)
            at org.apache.cxf.frontend.ClientProxy.invokeSync(ClientProxy.java:96)
            at org.apache.cxf.jaxws.JaxWsClientProxy.invoke(JaxWsClientProxy.java:140)
            ... 31 more
        </error>
        <system-err>May 21, 2019 7:52:06 PM org.apache.cxf.wsdl.service.factory.ReflectionServiceFactoryBean
            buildServiceFromWSDL
            INFO: Creating Service {http://sumws.danny.com/}SumWSService from WSDL:
            http://localhost:8080/Sum_SOAP_WS_war/services/sumService?wsdl
            SLF4J: Failed to load class &quot;org.slf4j.impl.StaticLoggerBinder&quot;.
            SLF4J: Defaulting to no-operation (NOP) logger implementation
            SLF4J: See http://www.slf4j.org/codes.html#StaticLoggerBinder for further details.
            May 21, 2019 7:52:11 PM org.apache.cxf.ws.security.wss4j.WSS4JInInterceptor handleMessageInternal
            WARNING: The request is a SOAP Fault, but it is not secured
        </system-err>
    </testcase>
</testsuite>